-------------------------------------------------------------------------------
Test set: com.shiv.springpostgres.BootPostgresApplicationTests
-------------------------------------------------------------------------------
Tests run: 1, Failures: 0, Errors: 1, Skipped: 0, Time elapsed: 1.67 s <<< FAILURE! - in com.shiv.springpostgres.BootPostgresApplicationTests
com.shiv.springpostgres.BootPostgresApplicationTests  Time elapsed: 1.668 s  <<< ERROR!
java.lang.IllegalStateException: Unable to find a @SpringBootConfiguration, you need to use @ContextConfiguration or @SpringBootTest(classes=...) with your test

